c:\users\minem\source\repos\selbsthilfe\debug\vc142.pdb
c:\users\minem\source\repos\selbsthilfe\debug\vc142.idb
c:\users\minem\source\repos\selbsthilfe\debug\spiel.obj
c:\users\minem\source\repos\selbsthilfe\debug\pokemon.obj
c:\users\minem\source\repos\selbsthilfe\debug\entity.obj
c:\users\minem\source\repos\selbsthilfe\debug\main.obj
c:\users\minem\source\repos\selbsthilfe\debug\selbsthilfe.tlog\cl.command.1.tlog
c:\users\minem\source\repos\selbsthilfe\debug\selbsthilfe.tlog\cl.read.1.tlog
c:\users\minem\source\repos\selbsthilfe\debug\selbsthilfe.tlog\cl.write.1.tlog
c:\users\minem\source\repos\selbsthilfe\debug\selbsthilfe.tlog\link-cvtres.read.1.tlog
c:\users\minem\source\repos\selbsthilfe\debug\selbsthilfe.tlog\link-cvtres.write.1.tlog
c:\users\minem\source\repos\selbsthilfe\debug\selbsthilfe.tlog\link-rc.read.1.tlog
c:\users\minem\source\repos\selbsthilfe\debug\selbsthilfe.tlog\link-rc.write.1.tlog
c:\users\minem\source\repos\selbsthilfe\debug\selbsthilfe.tlog\link.19848-cvtres.read.1.tlog
c:\users\minem\source\repos\selbsthilfe\debug\selbsthilfe.tlog\link.19848-cvtres.write.1.tlog
c:\users\minem\source\repos\selbsthilfe\debug\selbsthilfe.tlog\link.19848-rc.read.1.tlog
c:\users\minem\source\repos\selbsthilfe\debug\selbsthilfe.tlog\link.19848-rc.write.1.tlog
c:\users\minem\source\repos\selbsthilfe\debug\selbsthilfe.tlog\link.19848.read.1.tlog
c:\users\minem\source\repos\selbsthilfe\debug\selbsthilfe.tlog\link.19848.write.1.tlog
c:\users\minem\source\repos\selbsthilfe\debug\selbsthilfe.tlog\link.command.1.tlog
c:\users\minem\source\repos\selbsthilfe\debug\selbsthilfe.tlog\link.read.1.tlog
c:\users\minem\source\repos\selbsthilfe\debug\selbsthilfe.tlog\link.write.1.tlog
